<?xml version="1.0" encoding="UTF-8"?>
<!-- Generated by org.testng.reporters.JUnitReportReporter -->
<testsuite hostname="CTAADPG038WQ7" failures="0" tests="1" name="TestCases.ALoginTest" time="140.343" errors="0" timestamp="2023-06-26T20:01:26 IST" skipped="0">
  <testcase classname="TestCases.ALoginTest" name="loginMethod" time="140.343"/>
  <system-out/>
</testsuite> <!-- TestCases.ALoginTest -->
