<?xml version="1.0" encoding="UTF-8"?>
<!-- Generated by org.testng.reporters.JUnitReportReporter -->
<testsuite hostname="CTAADPG038WQ7" failures="0" tests="1" name="TestCases.DTestNo4" time="0.003" errors="0" timestamp="2023-06-19T13:15:41 IST" skipped="0">
  <testcase classname="TestCases.DTestNo4" name="MethodOfTest4" time="0.003"/>
  <system-out/>
</testsuite> <!-- TestCases.DTestNo4 -->
