<?xml version="1.0" encoding="UTF-8"?>
<!-- Generated by org.testng.reporters.JUnitReportReporter -->
<testsuite hostname="CTAADPG038WQ7" failures="0" tests="1" name="TestCases.BHRISTest" time="32.669" errors="0" timestamp="2023-06-19T13:15:41 IST" skipped="0">
  <testcase classname="TestCases.BHRISTest" name="BHRISmethod" time="32.669"/>
  <system-out/>
</testsuite> <!-- TestCases.BHRISTest -->
