<?xml version="1.0" encoding="UTF-8"?>
<!-- Generated by org.testng.reporters.JUnitReportReporter -->
<testsuite hostname="CTAADPG038WQ7" failures="0" tests="3" name="assignment.Assignment.dataProviderClass" time="0.012" errors="0" timestamp="2023-03-01T14:42:21 IST" skipped="0">
  <testcase classname="assignment.Assignment.dataProviderClass" name="logIn" time="0.002"/>
  <system-out/>
  <testcase classname="assignment.Assignment.dataProviderClass" name="logIn" time="0.005"/>
  <system-out/>
  <testcase classname="assignment.Assignment.dataProviderClass" name="logIn" time="0.005"/>
  <system-out/>
</testsuite> <!-- assignment.Assignment.dataProviderClass -->
