<?xml version="1.0" encoding="UTF-8"?>
<!-- Generated by org.testng.reporters.JUnitReportReporter -->
<testsuite hostname="CTAADPG038WQ7" failures="0" tests="1" name="Utilities.BaseClass" time="8.141" errors="0" timestamp="2023-03-02T11:56:32 IST" skipped="0">
  <testcase classname="Utilities.BaseClass" name="EdgeDriverInvoke" time="8.141"/>
  <system-out/>
</testsuite> <!-- Utilities.BaseClass -->
