<?xml version="1.0" encoding="UTF-8"?>
<!-- Generated by org.testng.reporters.JUnitReportReporter -->
<testsuite hostname="CTAADPG038WQ7" failures="0" tests="4" name="assignment.Assignment.DDTExcelSheet" time="0.007" errors="0" timestamp="2023-03-02T11:38:42 IST" skipped="0">
  <testcase classname="assignment.Assignment.DDTExcelSheet" name="DemoProject" time="0.000"/>
  <system-out/>
  <testcase classname="assignment.Assignment.DDTExcelSheet" name="DemoProject" time="0.005"/>
  <system-out/>
  <testcase classname="assignment.Assignment.DDTExcelSheet" name="DemoProject" time="0.001"/>
  <system-out/>
  <testcase classname="assignment.Assignment.DDTExcelSheet" name="DemoProject" time="0.001"/>
  <system-out/>
</testsuite> <!-- assignment.Assignment.DDTExcelSheet -->
