<?xml version="1.0" encoding="UTF-8"?>
<!-- Generated by org.testng.reporters.JUnitReportReporter -->
<testsuite hostname="CTAADPG038WQ7" failures="0" tests="1" name="assignment.Assignment.Class1" time="0.012" errors="0" timestamp="2023-01-10T16:08:45 IST" skipped="0">
  <testcase classname="assignment.Assignment.Class1" name="method1" time="0.012"/>
  <system-out/>
</testsuite> <!-- assignment.Assignment.Class1 -->
