<?xml version="1.0" encoding="UTF-8"?>
<!-- Generated by org.testng.reporters.JUnitReportReporter -->
<testsuite hostname="CTAADPG038WQ7" failures="0" tests="1" name="TestCases.LoginTest" time="22.953" errors="0" timestamp="2023-01-13T16:37:22 IST" skipped="0">
  <testcase classname="TestCases.LoginTest" name="loginMethod" time="22.953"/>
  <system-out/>
</testsuite> <!-- TestCases.LoginTest -->
