<?xml version="1.0" encoding="UTF-8"?>
<!-- Generated by org.testng.reporters.JUnitReportReporter -->
<testsuite hostname="CTAADPG038WQ7" failures="0" tests="1" name="TestCases.CTravelTest" time="38.784" errors="0" timestamp="2023-06-19T19:44:32 IST" skipped="0">
  <testcase classname="TestCases.CTravelTest" name="TravelMethod" time="38.784"/>
</testsuite> <!-- TestCases.CTravelTest -->
